{"level":"info","time":"2020-06-18T11:51:46.129+0800","linenum":"/root/GoLangProject/file-service/log/log.go:14","msg":"zap logger init success","app":"sofa-web"}
{"level":"error","time":"2020-06-18T11:51:46.129+0800","linenum":"/root/GoLangProject/file-service/cmd/root.go:45","msg":"read config error","app":"sofa-web","config":"file-service.yaml","error":"open file-service.yaml: no such file or directory"}
{"level":"info","time":"2020-06-18T11:52:58.087+0800","linenum":"/root/GoLangProject/file-service/log/log.go:14","msg":"zap logger init success","app":"file-server"}
{"level":"info","time":"2020-06-18T11:53:56.438+0800","linenum":"/root/GoLangProject/file-service/log/log.go:14","msg":"zap logger init success","app":"file-server"}
{"level":"info","time":"2020-06-18T17:24:35.693+0800","linenum":"/root/GoLangProject/file-service/log/log.go:14","msg":"zap logger init success","app":"file-server"}
{"level":"info","time":"2020-06-18T17:26:19.628+0800","linenum":"/root/GoLangProject/file-service/log/log.go:14","msg":"zap logger init success","app":"file-server"}
{"level":"info","time":"2020-06-18T17:26:29.734+0800","linenum":"/root/GoLangProject/file-service/log/log.go:14","msg":"zap logger init success","app":"file-server"}
{"level":"info","time":"2020-06-18T17:27:37.329+0800","linenum":"/root/GoLangProject/file-service/http/router.go:41","msg":"shutdown http server successfully.","app":"file-server"}
{"level":"info","time":"2020-06-18T17:27:59.271+0800","linenum":"/root/GoLangProject/file-service/log/log.go:14","msg":"zap logger init success","app":"file-server"}
{"level":"info","time":"2020-06-18T17:31:07.842+0800","linenum":"/root/GoLangProject/file-service/http/router.go:42","msg":"shutdown http server successfully.","app":"file-server"}
{"level":"info","time":"2020-06-18T17:31:10.173+0800","linenum":"/root/GoLangProject/file-service/log/log.go:14","msg":"zap logger init success","app":"file-server"}
{"level":"info","time":"2020-06-18T17:31:24.088+0800","linenum":"/root/GoLangProject/file-service/http/router.go:42","msg":"shutdown http server successfully.","app":"file-server"}
{"level":"info","time":"2020-06-18T17:31:26.018+0800","linenum":"/root/GoLangProject/file-service/log/log.go:14","msg":"zap logger init success","app":"file-server"}
{"level":"info","time":"2020-06-18T17:32:16.169+0800","linenum":"/root/GoLangProject/file-service/http/router.go:42","msg":"shutdown http server successfully.","app":"file-server"}
{"level":"info","time":"2020-06-18T17:32:19.562+0800","linenum":"/root/GoLangProject/file-service/log/log.go:14","msg":"zap logger init success","app":"file-server"}
{"level":"info","time":"2020-06-18T17:32:43.206+0800","linenum":"/root/GoLangProject/file-service/log/log.go:14","msg":"zap logger init success","app":"file-server"}
{"level":"info","time":"2020-06-18T17:33:53.248+0800","linenum":"/root/GoLangProject/file-service/http/router.go:42","msg":"shutdown http server successfully.","app":"file-server"}
{"level":"info","time":"2020-06-18T17:34:23.260+0800","linenum":"/root/GoLangProject/file-service/log/log.go:14","msg":"zap logger init success","app":"file-server"}
{"level":"error","time":"2020-06-18T17:34:23.261+0800","linenum":"/root/GoLangProject/file-service/cmd/root.go:43","msg":"read config error","app":"file-server","confFile":"config.yaml","error":"open config.yaml: no such file or directory"}
{"level":"info","time":"2020-06-18T17:34:35.160+0800","linenum":"/root/GoLangProject/file-service/http/router.go:42","msg":"shutdown http server successfully.","app":"file-server"}
{"level":"info","time":"2020-06-18T17:34:40.622+0800","linenum":"/root/GoLangProject/file-service/log/log.go:14","msg":"zap logger init success","app":"file-server"}
{"level":"error","time":"2020-06-18T17:34:40.622+0800","linenum":"/root/GoLangProject/file-service/cmd/root.go:43","msg":"read config error","app":"file-server","confFile":"onf","error":"Unsupported Config Type \"\""}
{"level":"info","time":"2020-06-18T17:34:45.988+0800","linenum":"/root/GoLangProject/file-service/http/router.go:42","msg":"shutdown http server successfully.","app":"file-server"}
{"level":"info","time":"2020-06-18T17:35:03.830+0800","linenum":"/root/GoLangProject/file-service/log/log.go:14","msg":"zap logger init success","app":"file-server"}
{"level":"info","time":"2020-06-18T17:35:18.670+0800","linenum":"/root/GoLangProject/file-service/http/router.go:42","msg":"shutdown http server successfully.","app":"file-server"}
{"level":"info","time":"2020-06-18T17:35:20.776+0800","linenum":"/root/GoLangProject/file-service/log/log.go:14","msg":"zap logger init success","app":"file-server"}
{"level":"info","time":"2020-06-18T17:35:34.384+0800","linenum":"/root/GoLangProject/file-service/log/log.go:14","msg":"zap logger init success","app":"file-server"}
{"level":"error","time":"2020-06-18T17:35:34.385+0800","linenum":"/root/GoLangProject/file-service/cmd/root.go:43","msg":"read config error","app":"file-server","confFile":"onf","error":"Unsupported Config Type \"\""}
{"level":"info","time":"2020-06-18T17:35:42.685+0800","linenum":"/root/GoLangProject/file-service/http/router.go:42","msg":"shutdown http server successfully.","app":"file-server"}
{"level":"info","time":"2020-06-18T17:35:55.489+0800","linenum":"/root/GoLangProject/file-service/log/log.go:14","msg":"zap logger init success","app":"file-server"}
{"level":"info","time":"2020-06-18T17:36:12.117+0800","linenum":"/root/GoLangProject/file-service/http/router.go:42","msg":"shutdown http server successfully.","app":"file-server"}
{"level":"info","time":"2020-06-18T17:39:47.621+0800","linenum":"/root/GoLangProject/file-service/http/router.go:42","msg":"shutdown http server successfully.","app":"file-server"}
{"level":"info","time":"2020-06-19T09:40:30.617+0800","linenum":"/root/GoLangProject/file-service/log/log.go:14","msg":"zap logger init success","app":"file-server"}
{"level":"info","time":"2020-06-19T13:38:48.884+0800","linenum":"/root/GoLangProject/file-service/log/log.go:14","msg":"zap logger init success","app":"file-server"}
{"level":"info","time":"2020-06-19T13:38:52.550+0800","linenum":"/root/GoLangProject/file-service/http/router.go:42","msg":"shutdown http server successfully.","app":"file-server"}
{"level":"info","time":"2020-06-19T13:38:56.336+0800","linenum":"/root/GoLangProject/file-service/log/log.go:14","msg":"zap logger init success","app":"file-server"}
{"level":"info","time":"2020-06-19T17:14:12.879+0800","linenum":"/root/GoLangProject/file-service/log/log.go:14","msg":"zap logger init success","app":"file-server"}
{"level":"info","time":"2020-06-19T17:14:14.447+0800","linenum":"/root/GoLangProject/file-service/http/router.go:42","msg":"shutdown http server successfully.","app":"file-server"}
